{"name": "test_valid_add_to_cart_laptop_product", "status": "broken", "statusDetails": {"message": "selenium.common.exceptions.NoSuchElementException: Message: no such element: Unable to locate element: {\"method\":\"css selector\",\"selector\":\"[id=\"//a[contains(text(),'Laptops')]\"]\"}\n  (Session info: chrome=109.0.5414.120)\nStacktrace:\nBacktrace:\n\t(No symbol) [0x005A6643]\n\t(No symbol) [0x0053BE21]\n\t(No symbol) [0x0043DA9D]\n\t(No symbol) [0x00471342]\n\t(No symbol) [0x0047147B]\n\t(No symbol) [0x004A8DC2]\n\t(No symbol) [0x0048FDC4]\n\t(No symbol) [0x004A6B09]\n\t(No symbol) [0x0048FB76]\n\t(No symbol) [0x004649C1]\n\t(No symbol) [0x00465E5D]\n\tGetHandleVerifier [0x0081A142+2497106]\n\tGetHandleVerifier [0x008485D3+2686691]\n\tGetHandleVerifier [0x0084BB9C+2700460]\n\tGetHandleVerifier [0x00653B10+635936]\n\t(No symbol) [0x00544A1F]\n\t(No symbol) [0x0054A418]\n\t(No symbol) [0x0054A505]\n\t(No symbol) [0x0055508B]\n\tBaseThreadInitThunk [0x76C86BD9+25]\n\tRtlGetFullPathName_UEx [0x77568FD2+1218]\n\tRtlGetFullPathName_UEx [0x77568F9D+1165]", "trace": "self = <Web.Tests.test_add_to_cart.Test_Cart_Page object at 0x000001F6777AB160>\n\n    @allure.description('add to cart page test')\n    @pytest.mark.sanity\n    @allure.severity(allure.severity_level.NORMAL)\n    def test_valid_add_to_cart_laptop_product(self):\n        driver = self.driver\n        home = cart_steps(driver)\n        home.click_on_home_button()\n        home.wait = WebDriverWait(self.driver, 10)\n        home.click_on_categories()\n>       home.click_on_laptop()\n\ntest_add_to_cart.py:40: \n_ _ _ _ _ _ _ _ _ _ _ _ _ _ _ _ _ _ _ _ _ _ _ _ _ _ _ _ _ _ _ _ _ _ _ _ _ _ _ _ _ _ _ _ _ _ _ _ _ _ _ _ _ _ _ _ _ _ _ _ _ _ _ _ _ _ _ _ _ _ _ _ _ _ _ _ _ _ _ _ _ _ _ _ _ _ _ _ _ _ _ _\n..\\Pages\\add_to_cart_page.py:63: in click_on_laptop\n    self.driver.find_element(By.ID, self.laptop_button).click()\n..\\..\\venv\\lib\\site-packages\\selenium\\webdriver\\remote\\webdriver.py:830: in find_element\n    return self.execute(Command.FIND_ELEMENT, {\"using\": by, \"value\": value})[\"value\"]\n..\\..\\venv\\lib\\site-packages\\selenium\\webdriver\\remote\\webdriver.py:440: in execute\n    self.error_handler.check_response(response)\n_ _ _ _ _ _ _ _ _ _ _ _ _ _ _ _ _ _ _ _ _ _ _ _ _ _ _ _ _ _ _ _ _ _ _ _ _ _ _ _ _ _ _ _ _ _ _ _ _ _ _ _ _ _ _ _ _ _ _ _ _ _ _ _ _ _ _ _ _ _ _ _ _ _ _ _ _ _ _ _ _ _ _ _ _ _ _ _ _ _ _ _\n\nself = <selenium.webdriver.remote.errorhandler.ErrorHandler object at 0x000001F67785DD00>\nresponse = {'status': 404, 'value': '{\"value\":{\"error\":\"no such element\",\"message\":\"no such element: Unable to locate element: {\\...unk [0x76C86BD9+25]\\\\n\\\\tRtlGetFullPathName_UEx [0x77568FD2+1218]\\\\n\\\\tRtlGetFullPathName_UEx [0x77568F9D+1165]\\\\n\"}}'}\n\n    def check_response(self, response: Dict[str, Any]) -> None:\n        \"\"\"Checks that a JSON response from the WebDriver does not have an\n        error.\n    \n        :Args:\n         - response - The JSON response from the WebDriver server as a dictionary\n           object.\n    \n        :Raises: If the response contains an error message.\n        \"\"\"\n        status = response.get(\"status\", None)\n        if not status or status == ErrorCode.SUCCESS:\n            return\n        value = None\n        message = response.get(\"message\", \"\")\n        screen: str = response.get(\"screen\", \"\")\n        stacktrace = None\n        if isinstance(status, int):\n            value_json = response.get(\"value\", None)\n            if value_json and isinstance(value_json, str):\n                import json\n    \n                try:\n                    value = json.loads(value_json)\n                    if len(value.keys()) == 1:\n                        value = value[\"value\"]\n                    status = value.get(\"error\", None)\n                    if not status:\n                        status = value.get(\"status\", ErrorCode.UNKNOWN_ERROR)\n                        message = value.get(\"value\") or value.get(\"message\")\n                        if not isinstance(message, str):\n                            value = message\n                            message = message.get(\"message\")\n                    else:\n                        message = value.get(\"message\", None)\n                except ValueError:\n                    pass\n    \n        exception_class: Type[WebDriverException]\n        if status in ErrorCode.NO_SUCH_ELEMENT:\n            exception_class = NoSuchElementException\n        elif status in ErrorCode.NO_SUCH_FRAME:\n            exception_class = NoSuchFrameException\n        elif status in ErrorCode.NO_SUCH_SHADOW_ROOT:\n            exception_class = NoSuchShadowRootException\n        elif status in ErrorCode.NO_SUCH_WINDOW:\n            exception_class = NoSuchWindowException\n        elif status in ErrorCode.STALE_ELEMENT_REFERENCE:\n            exception_class = StaleElementReferenceException\n        elif status in ErrorCode.ELEMENT_NOT_VISIBLE:\n            exception_class = ElementNotVisibleException\n        elif status in ErrorCode.INVALID_ELEMENT_STATE:\n            exception_class = InvalidElementStateException\n        elif (\n            status in ErrorCode.INVALID_SELECTOR\n            or status in ErrorCode.INVALID_XPATH_SELECTOR\n            or status in ErrorCode.INVALID_XPATH_SELECTOR_RETURN_TYPER\n        ):\n            exception_class = InvalidSelectorException\n        elif status in ErrorCode.ELEMENT_IS_NOT_SELECTABLE:\n            exception_class = ElementNotSelectableException\n        elif status in ErrorCode.ELEMENT_NOT_INTERACTABLE:\n            exception_class = ElementNotInteractableException\n        elif status in ErrorCode.INVALID_COOKIE_DOMAIN:\n            exception_class = InvalidCookieDomainException\n        elif status in ErrorCode.UNABLE_TO_SET_COOKIE:\n            exception_class = UnableToSetCookieException\n        elif status in ErrorCode.TIMEOUT:\n            exception_class = TimeoutException\n        elif status in ErrorCode.SCRIPT_TIMEOUT:\n            exception_class = TimeoutException\n        elif status in ErrorCode.UNKNOWN_ERROR:\n            exception_class = WebDriverException\n        elif status in ErrorCode.UNEXPECTED_ALERT_OPEN:\n            exception_class = UnexpectedAlertPresentException\n        elif status in ErrorCode.NO_ALERT_OPEN:\n            exception_class = NoAlertPresentException\n        elif status in ErrorCode.IME_NOT_AVAILABLE:\n            exception_class = ImeNotAvailableException\n        elif status in ErrorCode.IME_ENGINE_ACTIVATION_FAILED:\n            exception_class = ImeActivationFailedException\n        elif status in ErrorCode.MOVE_TARGET_OUT_OF_BOUNDS:\n            exception_class = MoveTargetOutOfBoundsException\n        elif status in ErrorCode.JAVASCRIPT_ERROR:\n            exception_class = JavascriptException\n        elif status in ErrorCode.SESSION_NOT_CREATED:\n            exception_class = SessionNotCreatedException\n        elif status in ErrorCode.INVALID_ARGUMENT:\n            exception_class = InvalidArgumentException\n        elif status in ErrorCode.NO_SUCH_COOKIE:\n            exception_class = NoSuchCookieException\n        elif status in ErrorCode.UNABLE_TO_CAPTURE_SCREEN:\n            exception_class = ScreenshotException\n        elif status in ErrorCode.ELEMENT_CLICK_INTERCEPTED:\n            exception_class = ElementClickInterceptedException\n        elif status in ErrorCode.INSECURE_CERTIFICATE:\n            exception_class = InsecureCertificateException\n        elif status in ErrorCode.INVALID_COORDINATES:\n            exception_class = InvalidCoordinatesException\n        elif status in ErrorCode.INVALID_SESSION_ID:\n            exception_class = InvalidSessionIdException\n        elif status in ErrorCode.UNKNOWN_METHOD:\n            exception_class = UnknownMethodException\n        else:\n            exception_class = WebDriverException\n        if not value:\n            value = response[\"value\"]\n        if isinstance(value, str):\n            raise exception_class(value)\n        if message == \"\" and \"message\" in value:\n            message = value[\"message\"]\n    \n        screen = None  # type: ignore[assignment]\n        if \"screen\" in value:\n            screen = value[\"screen\"]\n    \n        stacktrace = None\n        st_value = value.get(\"stackTrace\") or value.get(\"stacktrace\")\n        if st_value:\n            if isinstance(st_value, str):\n                stacktrace = st_value.split(\"\\n\")\n            else:\n                stacktrace = []\n                try:\n                    for frame in st_value:\n                        line = frame.get(\"lineNumber\", \"\")\n                        file = frame.get(\"fileName\", \"<anonymous>\")\n                        if line:\n                            file = f\"{file}:{line}\"\n                        meth = frame.get(\"methodName\", \"<anonymous>\")\n                        if \"className\" in frame:\n                            meth = f\"{frame['className']}.{meth}\"\n                        msg = \"    at %s (%s)\"\n                        msg = msg % (meth, file)\n                        stacktrace.append(msg)\n                except TypeError:\n                    pass\n        if exception_class == UnexpectedAlertPresentException:\n            alert_text = None\n            if \"data\" in value:\n                alert_text = value[\"data\"].get(\"text\")\n            elif \"alert\" in value:\n                alert_text = value[\"alert\"].get(\"text\")\n            raise exception_class(message, screen, stacktrace, alert_text)  # type: ignore[call-arg]  # mypy is not smart enough here\n>       raise exception_class(message, screen, stacktrace)\nE       selenium.common.exceptions.NoSuchElementException: Message: no such element: Unable to locate element: {\"method\":\"css selector\",\"selector\":\"[id=\"//a[contains(text(),'Laptops')]\"]\"}\nE         (Session info: chrome=109.0.5414.120)\nE       Stacktrace:\nE       Backtrace:\nE       \t(No symbol) [0x005A6643]\nE       \t(No symbol) [0x0053BE21]\nE       \t(No symbol) [0x0043DA9D]\nE       \t(No symbol) [0x00471342]\nE       \t(No symbol) [0x0047147B]\nE       \t(No symbol) [0x004A8DC2]\nE       \t(No symbol) [0x0048FDC4]\nE       \t(No symbol) [0x004A6B09]\nE       \t(No symbol) [0x0048FB76]\nE       \t(No symbol) [0x004649C1]\nE       \t(No symbol) [0x00465E5D]\nE       \tGetHandleVerifier [0x0081A142+2497106]\nE       \tGetHandleVerifier [0x008485D3+2686691]\nE       \tGetHandleVerifier [0x0084BB9C+2700460]\nE       \tGetHandleVerifier [0x00653B10+635936]\nE       \t(No symbol) [0x00544A1F]\nE       \t(No symbol) [0x0054A418]\nE       \t(No symbol) [0x0054A505]\nE       \t(No symbol) [0x0055508B]\nE       \tBaseThreadInitThunk [0x76C86BD9+25]\nE       \tRtlGetFullPathName_UEx [0x77568FD2+1218]\nE       \tRtlGetFullPathName_UEx [0x77568F9D+1165]\n\n..\\..\\venv\\lib\\site-packages\\selenium\\webdriver\\remote\\errorhandler.py:245: NoSuchElementException"}, "description": "add to cart page test", "steps": [{"name": "click_on_home_button", "status": "passed", "start": 1675253995915, "stop": 1675253998086}, {"name": "click_on_categories", "status": "passed", "start": 1675253998086, "stop": 1675254000202}, {"name": "click_on_laptop", "status": "broken", "statusDetails": {"message": "selenium.common.exceptions.NoSuchElementException: Message: no such element: Unable to locate element: {\"method\":\"css selector\",\"selector\":\"[id=\"//a[contains(text(),'Laptops')]\"]\"}\n  (Session info: chrome=109.0.5414.120)\nStacktrace:\nBacktrace:\n\t(No symbol) [0x005A6643]\n\t(No symbol) [0x0053BE21]\n\t(No symbol) [0x0043DA9D]\n\t(No symbol) [0x00471342]\n\t(No symbol) [0x0047147B]\n\t(No symbol) [0x004A8DC2]\n\t(No symbol) [0x0048FDC4]\n\t(No symbol) [0x004A6B09]\n\t(No symbol) [0x0048FB76]\n\t(No symbol) [0x004649C1]\n\t(No symbol) [0x00465E5D]\n\tGetHandleVerifier [0x0081A142+2497106]\n\tGetHandleVerifier [0x008485D3+2686691]\n\tGetHandleVerifier [0x0084BB9C+2700460]\n\tGetHandleVerifier [0x00653B10+635936]\n\t(No symbol) [0x00544A1F]\n\t(No symbol) [0x0054A418]\n\t(No symbol) [0x0054A505]\n\t(No symbol) [0x0055508B]\n\tBaseThreadInitThunk [0x76C86BD9+25]\n\tRtlGetFullPathName_UEx [0x77568FD2+1218]\n\tRtlGetFullPathName_UEx [0x77568F9D+1165]\n\n", "trace": "  File \"C:\\Users\\user\\PycharmProjects\\pythonProject6\\Demoblaze_Auto_Selenium_Project\\venv\\lib\\site-packages\\allure_commons\\_allure.py\", line 192, in impl\n    return func(*a, **kw)\n  File \"C:\\Users\\user\\PycharmProjects\\pythonProject6\\Demoblaze_Auto_Selenium_Project\\Web\\Pages\\add_to_cart_page.py\", line 63, in click_on_laptop\n    self.driver.find_element(By.ID, self.laptop_button).click()\n  File \"C:\\Users\\user\\PycharmProjects\\pythonProject6\\Demoblaze_Auto_Selenium_Project\\venv\\lib\\site-packages\\selenium\\webdriver\\remote\\webdriver.py\", line 830, in find_element\n    return self.execute(Command.FIND_ELEMENT, {\"using\": by, \"value\": value})[\"value\"]\n  File \"C:\\Users\\user\\PycharmProjects\\pythonProject6\\Demoblaze_Auto_Selenium_Project\\venv\\lib\\site-packages\\selenium\\webdriver\\remote\\webdriver.py\", line 440, in execute\n    self.error_handler.check_response(response)\n  File \"C:\\Users\\user\\PycharmProjects\\pythonProject6\\Demoblaze_Auto_Selenium_Project\\venv\\lib\\site-packages\\selenium\\webdriver\\remote\\errorhandler.py\", line 245, in check_response\n    raise exception_class(message, screen, stacktrace)\n"}, "start": 1675254000202, "stop": 1675254010237}], "start": 1675253995914, "stop": 1675254010240, "uuid": "905b03f5-59db-4611-9b7b-a064f5784f08", "historyId": "80103e7766766477daa75147eed3fb55", "testCaseId": "9b27488769812c7dda6853653555b253", "fullName": "Tests.test_add_to_cart.Test_Cart_Page#test_valid_add_to_cart_laptop_product", "labels": [{"name": "severity", "value": "normal"}, {"name": "tag", "value": "sanity"}, {"name": "parentSuite", "value": "Tests"}, {"name": "suite", "value": "test_add_to_cart"}, {"name": "subSuite", "value": "Test_Cart_Page"}, {"name": "host", "value": "Nigatu"}, {"name": "thread", "value": "24408-MainThread"}, {"name": "framework", "value": "pytest"}, {"name": "language", "value": "cpython3"}, {"name": "package", "value": "Tests.test_add_to_cart"}]}